2026-02-13 14:22:28,923 - INFO - Iniciando extracciуn para 5 ciudades...
2026-02-13 14:36:37,441 - INFO - Iniciando extracciуn para 5 ciudades...
2026-02-19 07:19:26,685 - INFO - Iniciando extracciГіn para 5 ciudades...
2026-02-19 07:19:27,426 - INFO - вң… Datos extraГӯdos para Bogota
2026-02-19 07:19:28,613 - INFO - вң… Datos extraГӯdos para Medellin
2026-02-19 07:19:29,134 - ERROR - вқҢ Error extrayendo datos para Cali: 429 Client Error: Too Many Requests for url: https://api.weatherstack.com/current?access_key=734a5aa7a484cacbbe413d0476b195ea&query=Cali
2026-02-19 07:19:29,842 - INFO - вң… Datos extraГӯdos para Barranquilla
2026-02-19 07:19:30,255 - ERROR - вқҢ Error extrayendo datos para Cartagena: 429 Client Error: Too Many Requests for url: https://api.weatherstack.com/current?access_key=734a5aa7a484cacbbe413d0476b195ea&query=Cartagena
2026-02-19 07:19:30,263 - INFO - Datos guardados en data/clima_raw.json
2026-02-19 07:19:30,313 - INFO - Datos guardados en data/clima.csv
2026-02-19 07:20:35,271 - INFO - Iniciando extracciГіn para 5 ciudades...
2026-02-19 07:20:35,722 - INFO - вң… Datos extraГӯdos para Bogota
2026-02-19 07:20:36,448 - ERROR - вқҢ Error extrayendo datos para Medellin: 429 Client Error: Too Many Requests for url: https://api.weatherstack.com/current?access_key=734a5aa7a484cacbbe413d0476b195ea&query=Medellin
2026-02-19 07:20:37,131 - INFO - вң… Datos extraГӯdos para Cali
2026-02-19 07:20:37,499 - ERROR - вқҢ Error extrayendo datos para Barranquilla: 429 Client Error: Too Many Requests for url: https://api.weatherstack.com/current?access_key=734a5aa7a484cacbbe413d0476b195ea&query=Barranquilla
2026-02-19 07:20:38,196 - INFO - вң… Datos extraГӯdos para Cartagena
2026-02-19 07:20:38,202 - INFO - Datos guardados en data/clima_raw.json
2026-02-19 07:20:38,247 - INFO - Datos guardados en data/clima.csv
2026-02-19 07:31:19,820 - INFO - Iniciando extracciГіn para 5 ciudades...
2026-02-19 07:31:20,817 - INFO - вң… Datos extraГӯdos para Bogota
2026-02-19 07:31:21,336 - ERROR - вқҢ Error extrayendo datos para Medellin: 429 Client Error: Too Many Requests for url: https://api.weatherstack.com/current?access_key=734a5aa7a484cacbbe413d0476b195ea&query=Medellin
2026-02-19 07:31:22,135 - INFO - вң… Datos extraГӯdos para Cali
2026-02-19 07:31:23,090 - INFO - вң… Datos extraГӯdos para Barranquilla
2026-02-19 07:31:23,530 - ERROR - вқҢ Error extrayendo datos para Cartagena: 429 Client Error: Too Many Requests for url: https://api.weatherstack.com/current?access_key=734a5aa7a484cacbbe413d0476b195ea&query=Cartagena
2026-02-19 07:31:23,536 - INFO - Datos guardados en data/clima_raw.json
2026-02-19 07:31:23,601 - INFO - Datos guardados en data/clima.csv
2026-02-19 07:31:28,258 - INFO - Iniciando extracciГіn para 5 ciudades...
2026-02-19 07:31:28,644 - INFO - вң… Datos extraГӯdos para Bogota
2026-02-19 07:31:29,093 - ERROR - вқҢ Error extrayendo datos para Medellin: 429 Client Error: Too Many Requests for url: https://api.weatherstack.com/current?access_key=734a5aa7a484cacbbe413d0476b195ea&query=Medellin
2026-02-19 07:31:29,529 - ERROR - вқҢ Error extrayendo datos para Cali: 429 Client Error: Too Many Requests for url: https://api.weatherstack.com/current?access_key=734a5aa7a484cacbbe413d0476b195ea&query=Cali
2026-02-19 07:31:29,990 - INFO - вң… Datos extraГӯdos para Barranquilla
2026-02-19 07:31:30,383 - ERROR - вқҢ Error extrayendo datos para Cartagena: 429 Client Error: Too Many Requests for url: https://api.weatherstack.com/current?access_key=734a5aa7a484cacbbe413d0476b195ea&query=Cartagena
2026-02-19 07:31:30,389 - INFO - Datos guardados en data/clima_raw.json
2026-02-19 07:31:30,447 - INFO - Datos guardados en data/clima.csv
2026-02-19 07:34:16,270 - INFO - Iniciando extracciГіn para 5 ciudades...
2026-02-19 07:34:16,755 - INFO - вң… Datos extraГӯdos para Bogota
2026-02-19 07:34:17,587 - ERROR - вқҢ Error extrayendo datos para Medellin: 429 Client Error: Too Many Requests for url: https://api.weatherstack.com/current?access_key=734a5aa7a484cacbbe413d0476b195ea&query=Medellin
2026-02-19 07:34:18,048 - INFO - вң… Datos extraГӯdos para Cali
2026-02-19 07:34:18,585 - ERROR - вқҢ Error extrayendo datos para Barranquilla: 429 Client Error: Too Many Requests for url: https://api.weatherstack.com/current?access_key=734a5aa7a484cacbbe413d0476b195ea&query=Barranquilla
2026-02-19 07:34:19,100 - INFO - вң… Datos extraГӯdos para Cartagena
2026-02-19 07:34:19,106 - INFO - Datos guardados en data/clima_raw.json
2026-02-19 07:34:19,165 - INFO - Datos guardados en data/clima.csv
2026-02-19 07:46:38,048 - INFO - Iniciando extracciГіn para 5 ciudades...
2026-02-19 07:46:39,211 - INFO - вң… Datos extraГӯdos para Bogota
2026-02-19 07:46:39,649 - ERROR - вқҢ Error extrayendo datos para Medellin: 429 Client Error: Too Many Requests for url: https://api.weatherstack.com/current?access_key=734a5aa7a484cacbbe413d0476b195ea&query=Medellin
2026-02-19 07:46:40,309 - INFO - вң… Datos extraГӯdos para Cali
2026-02-19 07:46:40,851 - ERROR - вқҢ Error extrayendo datos para Barranquilla: 429 Client Error: Too Many Requests for url: https://api.weatherstack.com/current?access_key=734a5aa7a484cacbbe413d0476b195ea&query=Barranquilla
2026-02-19 07:46:43,233 - INFO - вң… Datos extraГӯdos para Cartagena
2026-02-19 07:46:43,240 - INFO - Datos guardados en data/clima_raw.json
2026-02-19 07:46:43,323 - INFO - Datos guardados en data/clima.csv
2026-02-25 13:26:17,779 - INFO - Iniciando extracciГіn para 5 ciudades...
2026-02-25 13:26:18,928 - INFO - вң… Datos extraГӯdos para Bogota
2026-02-25 13:26:19,374 - ERROR - вқҢ Error extrayendo datos para Medellin: 429 Client Error: Too Many Requests for url: https://api.weatherstack.com/current?access_key=734a5aa7a484cacbbe413d0476b195ea&query=Medellin
2026-02-25 13:26:20,027 - INFO - вң… Datos extraГӯdos para Cali
2026-02-25 13:26:20,448 - ERROR - вқҢ Error extrayendo datos para Barranquilla: 429 Client Error: Too Many Requests for url: https://api.weatherstack.com/current?access_key=734a5aa7a484cacbbe413d0476b195ea&query=Barranquilla
2026-02-25 13:26:21,121 - INFO - вң… Datos extraГӯdos para Cartagena
2026-02-25 13:26:21,127 - INFO - Datos guardados en data/clima_raw.json
2026-02-25 13:26:21,229 - INFO - Datos guardados en data/clima.csv
2026-02-25 13:57:16,749 - INFO - Iniciando extracciГіn para 5 ciudades...
2026-02-25 13:57:18,551 - INFO - вң… Datos extraГӯdos para Bogota
2026-02-25 13:57:18,939 - ERROR - вқҢ Error extrayendo datos para Medellin: 429 Client Error: Too Many Requests for url: https://api.weatherstack.com/current?access_key=734a5aa7a484cacbbe413d0476b195ea&query=Medellin
2026-02-25 13:57:19,382 - INFO - вң… Datos extraГӯdos para Cali
2026-02-25 13:57:19,724 - ERROR - вқҢ Error extrayendo datos para Barranquilla: 429 Client Error: Too Many Requests for url: https://api.weatherstack.com/current?access_key=734a5aa7a484cacbbe413d0476b195ea&query=Barranquilla
2026-02-25 13:57:20,563 - INFO - вң… Datos extraГӯdos para Cartagena
2026-02-25 13:57:20,571 - INFO - Datos guardados en data/clima_raw.json
2026-02-25 13:57:20,632 - INFO - Datos guardados en data/clima.csv
2026-03-06 19:28:37,335 - INFO - Iniciando ETL para 5 ciudades...
2026-03-06 19:28:38,374 - INFO - вң… Datos extraГӯdos para Bogota
2026-03-06 19:28:38,627 - INFO - рҹ“Ҡ Registro guardado para Bogota
2026-03-06 19:28:38,998 - ERROR - вқҢ Error extrayendo datos para Medellin: 429 Client Error: Too Many Requests for url: https://api.weatherstack.com/current?access_key=734a5aa7a484cacbbe413d0476b195ea&query=Medellin
2026-03-06 19:28:39,584 - INFO - вң… Datos extraГӯdos para Cali
2026-03-06 19:28:39,593 - INFO - рҹ“Ҡ Registro guardado para Cali
2026-03-06 19:28:39,951 - ERROR - вқҢ Error extrayendo datos para Barranquilla: 429 Client Error: Too Many Requests for url: https://api.weatherstack.com/current?access_key=734a5aa7a484cacbbe413d0476b195ea&query=Barranquilla
2026-03-06 19:28:40,675 - INFO - вң… Datos extraГӯdos para Cartagena
2026-03-06 19:28:40,684 - INFO - рҹ“Ҡ Registro guardado para Cartagena
2026-03-06 19:28:40,701 - INFO - рҹ“Ҳ MГ©tricas guardadas: ExtraГӯdos: 3, Guardados: 3, Fallidos: 2
2026-03-06 19:36:42,629 - INFO - Iniciando ETL para 5 ciudades...
2026-03-06 19:36:43,839 - INFO - вң… Datos extraГӯdos para Bogota
2026-03-06 19:36:44,041 - INFO - рҹ“Ҡ Registro guardado para Bogota
2026-03-06 19:36:44,409 - ERROR - вқҢ Error extrayendo datos para Medellin: 429 Client Error: Too Many Requests for url: https://api.weatherstack.com/current?access_key=734a5aa7a484cacbbe413d0476b195ea&query=Medellin
2026-03-06 19:36:45,000 - INFO - вң… Datos extraГӯdos para Cali
2026-03-06 19:36:45,011 - INFO - рҹ“Ҡ Registro guardado para Cali
2026-03-06 19:36:45,485 - ERROR - вқҢ Error extrayendo datos para Barranquilla: 429 Client Error: Too Many Requests for url: https://api.weatherstack.com/current?access_key=734a5aa7a484cacbbe413d0476b195ea&query=Barranquilla
2026-03-06 19:36:46,118 - INFO - вң… Datos extraГӯdos para Cartagena
2026-03-06 19:36:46,128 - INFO - рҹ“Ҡ Registro guardado para Cartagena
2026-03-06 19:36:46,141 - INFO - рҹ“Ҳ MГ©tricas guardadas: ExtraГӯdos: 3, Guardados: 3, Fallidos: 2
